#
# There is insufficient memory for the Java Runtime Environment to continue.
# Native memory allocation (malloc) failed to allocate 32744 bytes for ChunkPool::allocate
# Possible reasons:
#   The system is out of physical RAM or swap space
#   The process is running with CompressedOops enabled, and the Java Heap may be blocking the growth of the native heap
# Possible solutions:
#   Reduce memory load on the system
#   Increase physical memory or swap space
#   Check if swap backing store is full
#   Decrease Java heap size (-Xmx/-Xms)
#   Decrease number of Java threads
#   Decrease Java thread stack sizes (-Xss)
#   Set larger code cache with -XX:ReservedCodeCacheSize=
#   JVM is running with Unscaled Compressed Oops mode in which the Java heap is
#     placed in the first 4GB address space. The Java Heap base address is the
#     maximum limit for the native heap growth. Please use -XX:HeapBaseMinAddress
#     to set the Java Heap base and to place the Java Heap above 4GB virtual address.
# This output file may be truncated or incomplete.
#
#  Out of Memory Error (arena.cpp:78), pid=11280, tid=19260
#
# JRE version: Java(TM) SE Runtime Environment (17.0.10+11) (build 17.0.10+11-LTS-240)
# Java VM: Java HotSpot(TM) 64-Bit Server VM (17.0.10+11-LTS-240, mixed mode, sharing, tiered, compressed oops, compressed class ptrs, g1 gc, windows-amd64)
# No core dump will be written. Minidumps are not enabled by default on client versions of Windows
#

---------------  S U M M A R Y ------------

Command Line: -Dmaven.multiModuleProjectDirectory=C:\Users\Dell\Documents\microservices\client-service -Djansi.passthrough=true -Dmaven.home=C:\Program Files\JetBrains\IntelliJ IDEA Community Edition 2023.2.2\plugins\maven\lib\maven3 -Dclassworlds.conf=C:\Program Files\JetBrains\IntelliJ IDEA Community Edition 2023.2.2\plugins\maven\lib\maven3\bin\m2.conf -Dmaven.ext.class.path=C:\Program Files\JetBrains\IntelliJ IDEA Community Edition 2023.2.2\plugins\maven\lib\maven-event-listener.jar -javaagent:C:\Program Files\JetBrains\IntelliJ IDEA Community Edition 2023.2.2\lib\idea_rt.jar=64015:C:\Program Files\JetBrains\IntelliJ IDEA Community Edition 2023.2.2\bin -Dfile.encoding=UTF-8 org.codehaus.classworlds.Launcher -Didea.version=2023.2.4 clean

Host: Intel(R) Core(TM) i5-10210U CPU @ 1.60GHz, 8 cores, 7G,  Windows 10 , 64 bit Build 19041 (10.0.19041.3636)
Time: Wed Jun 26 18:44:40 2024 Hora estándar central (México) elapsed time: 0.278875 seconds (0d 0h 0m 0s)

---------------  T H R E A D  ---------------

Current thread (0x000002447f75cd30):  JavaThread "C1 CompilerThread0" daemon [_thread_in_native, id=19260, stack(0x000000c752200000,0x000000c752300000)]


Current CompileTask:
C1:    278  602       3       sun.nio.cs.UTF_8$Decoder::decodeArrayLoop (688 bytes)

Stack: [0x000000c752200000,0x000000c752300000]
Native frames: (J=compiled Java code, j=interpreted, Vv=VM code, C=native code)
V  [jvm.dll+0x677a5a]
V  [jvm.dll+0x7d8b2d]
V  [jvm.dll+0x7da48e]
V  [jvm.dll+0x7daaf3]
V  [jvm.dll+0x2455ff]
V  [jvm.dll+0xaad50]
V  [jvm.dll+0xab09c]
V  [jvm.dll+0x11c015]
V  [jvm.dll+0x1792dd]
V  [jvm.dll+0x179eb3]
V  [jvm.dll+0x134e33]
V  [jvm.dll+0x13474f]
V  [jvm.dll+0x134988]
V  [jvm.dll+0x133e21]
V  [jvm.dll+0x135abd]
V  [jvm.dll+0x226aeb]
V  [jvm.dll+0x224cab]
V  [jvm.dll+0x78e45c]
V  [jvm.dll+0x78888a]
V  [jvm.dll+0x676935]
C  [ucrtbase.dll+0x21bb2]
C  [KERNEL32.DLL+0x17344]
C  [ntdll.dll+0x4cc91]


---------------  P R O C E S S  ---------------

Threads class SMR info:
_java_thread_list=0x000002444918b070, length=13, elements={
0x0000024465704bb0, 0x000002447f7365c0, 0x000002447f739350, 0x000002447f74e340,
0x000002447f74ed00, 0x000002447f74f6c0, 0x000002447f750080, 0x000002447f758d80,
0x000002447f75cd30, 0x000002447f75f740, 0x00000244490891a0, 0x0000024449116b50,
0x000002444918b1c0
}

Java Threads: ( => current thread )
  0x0000024465704bb0 JavaThread "main" [_thread_in_Java, id=3044, stack(0x000000c751400000,0x000000c751500000)]
  0x000002447f7365c0 JavaThread "Reference Handler" daemon [_thread_blocked, id=15932, stack(0x000000c751b00000,0x000000c751c00000)]
  0x000002447f739350 JavaThread "Finalizer" daemon [_thread_blocked, id=4036, stack(0x000000c751c00000,0x000000c751d00000)]
  0x000002447f74e340 JavaThread "Signal Dispatcher" daemon [_thread_blocked, id=16928, stack(0x000000c751d00000,0x000000c751e00000)]
  0x000002447f74ed00 JavaThread "Attach Listener" daemon [_thread_blocked, id=5440, stack(0x000000c751e00000,0x000000c751f00000)]
  0x000002447f74f6c0 JavaThread "Service Thread" daemon [_thread_blocked, id=4240, stack(0x000000c751f00000,0x000000c752000000)]
  0x000002447f750080 JavaThread "Monitor Deflation Thread" daemon [_thread_blocked, id=18940, stack(0x000000c752000000,0x000000c752100000)]
  0x000002447f758d80 JavaThread "C2 CompilerThread0" daemon [_thread_in_native, id=18620, stack(0x000000c752100000,0x000000c752200000)]
=>0x000002447f75cd30 JavaThread "C1 CompilerThread0" daemon [_thread_in_native, id=19260, stack(0x000000c752200000,0x000000c752300000)]
  0x000002447f75f740 JavaThread "Sweeper thread" daemon [_thread_blocked, id=7296, stack(0x000000c752300000,0x000000c752400000)]
  0x00000244490891a0 JavaThread "Common-Cleaner" daemon [_thread_blocked, id=10648, stack(0x000000c752400000,0x000000c752500000)]
  0x0000024449116b50 JavaThread "Monitor Ctrl-Break" daemon [_thread_in_native, id=5144, stack(0x000000c752500000,0x000000c752600000)]
  0x000002444918b1c0 JavaThread "Notification Thread" daemon [_thread_blocked, id=19220, stack(0x000000c752600000,0x000000c752700000)]

Other Threads:
  0x000002447f7319b0 VMThread "VM Thread" [stack: 0x000000c751a00000,0x000000c751b00000] [id=16560]
  0x0000024465778570 WatcherThread [stack: 0x000000c752700000,0x000000c752800000] [id=17116]
  0x000002446575e3e0 GCTaskThread "GC Thread#0" [stack: 0x000000c751500000,0x000000c751600000] [id=10436]
  0x000002446576e8f0 ConcurrentGCThread "G1 Main Marker" [stack: 0x000000c751600000,0x000000c751700000] [id=2788]
  0x000002446576f300 ConcurrentGCThread "G1 Conc#0" [stack: 0x000000c751700000,0x000000c751800000] [id=15892]
  0x00000244657dd100 ConcurrentGCThread "G1 Refine#0" [stack: 0x000000c751800000,0x000000c751900000] [id=6704]
  0x00000244657ddb30 ConcurrentGCThread "G1 Service" [stack: 0x000000c751900000,0x000000c751a00000] [id=14404]

Threads with active compile tasks:
C2 CompilerThread0      295  581       4       java.util.HashMap::putVal (300 bytes)
C1 CompilerThread0      295  602       3       sun.nio.cs.UTF_8$Decoder::decodeArrayLoop (688 bytes)

VM state: not at safepoint (normal execution)

VM Mutex/Monitor currently owned by a thread: None

Heap address: 0x0000000085200000, size: 1966 MB, Compressed Oops mode: 32-bit

CDS archive(s) mapped at: [0x0000024404000000-0x0000024404bd0000-0x0000024404bd0000), size 12386304, SharedBaseAddress: 0x0000024404000000, ArchiveRelocationMode: 1.
Compressed class space mapped at: 0x0000024405000000-0x0000024445000000, reserved size: 1073741824
Narrow klass base: 0x0000024404000000, Narrow klass shift: 0, Narrow klass range: 0x100000000

GC Precious Log:
 CPUs: 8 total, 8 available
 Memory: 7858M
 Large Page Support: Disabled
 NUMA Support: Disabled
 Compressed Oops: Enabled (32-bit)
 Heap Region Size: 1M
 Heap Min Capacity: 8M
 Heap Initial Capacity: 124M
 Heap Max Capacity: 1966M
 Pre-touch: Disabled
 Parallel Workers: 8
 Concurrent Workers: 2
 Concurrent Refinement Workers: 8
 Periodic GC: Disabled

Heap:
 garbage-first heap   total 126976K, used 9216K [0x0000000085200000, 0x0000000100000000)
  region size 1024K, 10 young (10240K), 0 survivors (0K)
 Metaspace       used 2732K, committed 2944K, reserved 1114112K
  class space    used 268K, committed 384K, reserved 1048576K

Heap Regions: E=young(eden), S=young(survivor), O=old, HS=humongous(starts), HC=humongous(continues), CS=collection set, F=free, OA=open archive, CA=closed archive, TAMS=top-at-mark-start (previous, next)
|   0|0x0000000085200000, 0x0000000085200000, 0x0000000085300000|  0%| F|  |TAMS 0x0000000085200000, 0x0000000085200000| Untracked 
|   1|0x0000000085300000, 0x0000000085300000, 0x0000000085400000|  0%| F|  |TAMS 0x0000000085300000, 0x0000000085300000| Untracked 
|   2|0x0000000085400000, 0x0000000085400000, 0x0000000085500000|  0%| F|  |TAMS 0x0000000085400000, 0x0000000085400000| Untracked 
|   3|0x0000000085500000, 0x0000000085500000, 0x0000000085600000|  0%| F|  |TAMS 0x0000000085500000, 0x0000000085500000| Untracked 
|   4|0x0000000085600000, 0x0000000085600000, 0x0000000085700000|  0%| F|  |TAMS 0x0000000085600000, 0x0000000085600000| Untracked 
|   5|0x0000000085700000, 0x0000000085700000, 0x0000000085800000|  0%| F|  |TAMS 0x0000000085700000, 0x0000000085700000| Untracked 
|   6|0x0000000085800000, 0x0000000085800000, 0x0000000085900000|  0%| F|  |TAMS 0x0000000085800000, 0x0000000085800000| Untracked 
|   7|0x0000000085900000, 0x0000000085900000, 0x0000000085a00000|  0%| F|  |TAMS 0x0000000085900000, 0x0000000085900000| Untracked 
|   8|0x0000000085a00000, 0x0000000085a00000, 0x0000000085b00000|  0%| F|  |TAMS 0x0000000085a00000, 0x0000000085a00000| Untracked 
|   9|0x0000000085b00000, 0x0000000085b00000, 0x0000000085c00000|  0%| F|  |TAMS 0x0000000085b00000, 0x0000000085b00000| Untracked 
|  10|0x0000000085c00000, 0x0000000085c00000, 0x0000000085d00000|  0%| F|  |TAMS 0x0000000085c00000, 0x0000000085c00000| Untracked 
|  11|0x0000000085d00000, 0x0000000085d00000, 0x0000000085e00000|  0%| F|  |TAMS 0x0000000085d00000, 0x0000000085d00000| Untracked 
|  12|0x0000000085e00000, 0x0000000085e00000, 0x0000000085f00000|  0%| F|  |TAMS 0x0000000085e00000, 0x0000000085e00000| Untracked 
|  13|0x0000000085f00000, 0x0000000085f00000, 0x0000000086000000|  0%| F|  |TAMS 0x0000000085f00000, 0x0000000085f00000| Untracked 
|  14|0x0000000086000000, 0x0000000086000000, 0x0000000086100000|  0%| F|  |TAMS 0x0000000086000000, 0x0000000086000000| Untracked 
|  15|0x0000000086100000, 0x0000000086100000, 0x0000000086200000|  0%| F|  |TAMS 0x0000000086100000, 0x0000000086100000| Untracked 
|  16|0x0000000086200000, 0x0000000086200000, 0x0000000086300000|  0%| F|  |TAMS 0x0000000086200000, 0x0000000086200000| Untracked 
|  17|0x0000000086300000, 0x0000000086300000, 0x0000000086400000|  0%| F|  |TAMS 0x0000000086300000, 0x0000000086300000| Untracked 
|  18|0x0000000086400000, 0x0000000086400000, 0x0000000086500000|  0%| F|  |TAMS 0x0000000086400000, 0x0000000086400000| Untracked 
|  19|0x0000000086500000, 0x0000000086500000, 0x0000000086600000|  0%| F|  |TAMS 0x0000000086500000, 0x0000000086500000| Untracked 
|  20|0x0000000086600000, 0x0000000086600000, 0x0000000086700000|  0%| F|  |TAMS 0x0000000086600000, 0x0000000086600000| Untracked 
|  21|0x0000000086700000, 0x0000000086700000, 0x0000000086800000|  0%| F|  |TAMS 0x0000000086700000, 0x0000000086700000| Untracked 
|  22|0x0000000086800000, 0x0000000086800000, 0x0000000086900000|  0%| F|  |TAMS 0x0000000086800000, 0x0000000086800000| Untracked 
|  23|0x0000000086900000, 0x0000000086900000, 0x0000000086a00000|  0%| F|  |TAMS 0x0000000086900000, 0x0000000086900000| Untracked 
|  24|0x0000000086a00000, 0x0000000086a00000, 0x0000000086b00000|  0%| F|  |TAMS 0x0000000086a00000, 0x0000000086a00000| Untracked 
|  25|0x0000000086b00000, 0x0000000086b00000, 0x0000000086c00000|  0%| F|  |TAMS 0x0000000086b00000, 0x0000000086b00000| Untracked 
|  26|0x0000000086c00000, 0x0000000086c00000, 0x0000000086d00000|  0%| F|  |TAMS 0x0000000086c00000, 0x0000000086c00000| Untracked 
|  27|0x0000000086d00000, 0x0000000086d00000, 0x0000000086e00000|  0%| F|  |TAMS 0x0000000086d00000, 0x0000000086d00000| Untracked 
|  28|0x0000000086e00000, 0x0000000086e00000, 0x0000000086f00000|  0%| F|  |TAMS 0x0000000086e00000, 0x0000000086e00000| Untracked 
|  29|0x0000000086f00000, 0x0000000086f00000, 0x0000000087000000|  0%| F|  |TAMS 0x0000000086f00000, 0x0000000086f00000| Untracked 
|  30|0x0000000087000000, 0x0000000087000000, 0x0000000087100000|  0%| F|  |TAMS 0x0000000087000000, 0x0000000087000000| Untracked 
|  31|0x0000000087100000, 0x0000000087100000, 0x0000000087200000|  0%| F|  |TAMS 0x0000000087100000, 0x0000000087100000| Untracked 
|  32|0x0000000087200000, 0x0000000087200000, 0x0000000087300000|  0%| F|  |TAMS 0x0000000087200000, 0x0000000087200000| Untracked 
|  33|0x0000000087300000, 0x0000000087300000, 0x0000000087400000|  0%| F|  |TAMS 0x0000000087300000, 0x0000000087300000| Untracked 
|  34|0x0000000087400000, 0x0000000087400000, 0x0000000087500000|  0%| F|  |TAMS 0x0000000087400000, 0x0000000087400000| Untracked 
|  35|0x0000000087500000, 0x0000000087500000, 0x0000000087600000|  0%| F|  |TAMS 0x0000000087500000, 0x0000000087500000| Untracked 
|  36|0x0000000087600000, 0x0000000087600000, 0x0000000087700000|  0%| F|  |TAMS 0x0000000087600000, 0x0000000087600000| Untracked 
|  37|0x0000000087700000, 0x0000000087700000, 0x0000000087800000|  0%| F|  |TAMS 0x0000000087700000, 0x0000000087700000| Untracked 
|  38|0x0000000087800000, 0x0000000087800000, 0x0000000087900000|  0%| F|  |TAMS 0x0000000087800000, 0x0000000087800000| Untracked 
|  39|0x0000000087900000, 0x0000000087900000, 0x0000000087a00000|  0%| F|  |TAMS 0x0000000087900000, 0x0000000087900000| Untracked 
|  40|0x0000000087a00000, 0x0000000087a00000, 0x0000000087b00000|  0%| F|  |TAMS 0x0000000087a00000, 0x0000000087a00000| Untracked 
|  41|0x0000000087b00000, 0x0000000087b00000, 0x0000000087c00000|  0%| F|  |TAMS 0x0000000087b00000, 0x0000000087b00000| Untracked 
|  42|0x0000000087c00000, 0x0000000087c00000, 0x0000000087d00000|  0%| F|  |TAMS 0x0000000087c00000, 0x0000000087c00000| Untracked 
|  43|0x0000000087d00000, 0x0000000087d00000, 0x0000000087e00000|  0%| F|  |TAMS 0x0000000087d00000, 0x0000000087d00000| Untracked 
|  44|0x0000000087e00000, 0x0000000087e00000, 0x0000000087f00000|  0%| F|  |TAMS 0x0000000087e00000, 0x0000000087e00000| Untracked 
|  45|0x0000000087f00000, 0x0000000087f00000, 0x0000000088000000|  0%| F|  |TAMS 0x0000000087f00000, 0x0000000087f00000| Untracked 
|  46|0x0000000088000000, 0x0000000088000000, 0x0000000088100000|  0%| F|  |TAMS 0x0000000088000000, 0x0000000088000000| Untracked 
|  47|0x0000000088100000, 0x0000000088100000, 0x0000000088200000|  0%| F|  |TAMS 0x0000000088100000, 0x0000000088100000| Untracked 
|  48|0x0000000088200000, 0x0000000088200000, 0x0000000088300000|  0%| F|  |TAMS 0x0000000088200000, 0x0000000088200000| Untracked 
|  49|0x0000000088300000, 0x0000000088300000, 0x0000000088400000|  0%| F|  |TAMS 0x0000000088300000, 0x0000000088300000| Untracked 
|  50|0x0000000088400000, 0x0000000088400000, 0x0000000088500000|  0%| F|  |TAMS 0x0000000088400000, 0x0000000088400000| Untracked 
|  51|0x0000000088500000, 0x0000000088500000, 0x0000000088600000|  0%| F|  |TAMS 0x0000000088500000, 0x0000000088500000| Untracked 
|  52|0x0000000088600000, 0x0000000088600000, 0x0000000088700000|  0%| F|  |TAMS 0x0000000088600000, 0x0000000088600000| Untracked 
|  53|0x0000000088700000, 0x0000000088700000, 0x0000000088800000|  0%| F|  |TAMS 0x0000000088700000, 0x0000000088700000| Untracked 
|  54|0x0000000088800000, 0x0000000088800000, 0x0000000088900000|  0%| F|  |TAMS 0x0000000088800000, 0x0000000088800000| Untracked 
|  55|0x0000000088900000, 0x0000000088900000, 0x0000000088a00000|  0%| F|  |TAMS 0x0000000088900000, 0x0000000088900000| Untracked 
|  56|0x0000000088a00000, 0x0000000088a00000, 0x0000000088b00000|  0%| F|  |TAMS 0x0000000088a00000, 0x0000000088a00000| Untracked 
|  57|0x0000000088b00000, 0x0000000088b00000, 0x0000000088c00000|  0%| F|  |TAMS 0x0000000088b00000, 0x0000000088b00000| Untracked 
|  58|0x0000000088c00000, 0x0000000088c00000, 0x0000000088d00000|  0%| F|  |TAMS 0x0000000088c00000, 0x0000000088c00000| Untracked 
|  59|0x0000000088d00000, 0x0000000088d00000, 0x0000000088e00000|  0%| F|  |TAMS 0x0000000088d00000, 0x0000000088d00000| Untracked 
|  60|0x0000000088e00000, 0x0000000088e00000, 0x0000000088f00000|  0%| F|  |TAMS 0x0000000088e00000, 0x0000000088e00000| Untracked 
|  61|0x0000000088f00000, 0x0000000088f00000, 0x0000000089000000|  0%| F|  |TAMS 0x0000000088f00000, 0x0000000088f00000| Untracked 
|  62|0x0000000089000000, 0x0000000089000000, 0x0000000089100000|  0%| F|  |TAMS 0x0000000089000000, 0x0000000089000000| Untracked 
|  63|0x0000000089100000, 0x0000000089100000, 0x0000000089200000|  0%| F|  |TAMS 0x0000000089100000, 0x0000000089100000| Untracked 
|  64|0x0000000089200000, 0x0000000089200000, 0x0000000089300000|  0%| F|  |TAMS 0x0000000089200000, 0x0000000089200000| Untracked 
|  65|0x0000000089300000, 0x0000000089300000, 0x0000000089400000|  0%| F|  |TAMS 0x0000000089300000, 0x0000000089300000| Untracked 
|  66|0x0000000089400000, 0x0000000089400000, 0x0000000089500000|  0%| F|  |TAMS 0x0000000089400000, 0x0000000089400000| Untracked 
|  67|0x0000000089500000, 0x0000000089500000, 0x0000000089600000|  0%| F|  |TAMS 0x0000000089500000, 0x0000000089500000| Untracked 
|  68|0x0000000089600000, 0x0000000089600000, 0x0000000089700000|  0%| F|  |TAMS 0x0000000089600000, 0x0000000089600000| Untracked 
|  69|0x0000000089700000, 0x0000000089700000, 0x0000000089800000|  0%| F|  |TAMS 0x0000000089700000, 0x0000000089700000| Untracked 
|  70|0x0000000089800000, 0x0000000089800000, 0x0000000089900000|  0%| F|  |TAMS 0x0000000089800000, 0x0000000089800000| Untracked 
|  71|0x0000000089900000, 0x0000000089900000, 0x0000000089a00000|  0%| F|  |TAMS 0x0000000089900000, 0x0000000089900000| Untracked 
|  72|0x0000000089a00000, 0x0000000089a00000, 0x0000000089b00000|  0%| F|  |TAMS 0x0000000089a00000, 0x0000000089a00000| Untracked 
|  73|0x0000000089b00000, 0x0000000089b00000, 0x0000000089c00000|  0%| F|  |TAMS 0x0000000089b00000, 0x0000000089b00000| Untracked 
|  74|0x0000000089c00000, 0x0000000089c00000, 0x0000000089d00000|  0%| F|  |TAMS 0x0000000089c00000, 0x0000000089c00000| Untracked 
|  75|0x0000000089d00000, 0x0000000089d00000, 0x0000000089e00000|  0%| F|  |TAMS 0x0000000089d00000, 0x0000000089d00000| Untracked 
|  76|0x0000000089e00000, 0x0000000089e00000, 0x0000000089f00000|  0%| F|  |TAMS 0x0000000089e00000, 0x0000000089e00000| Untracked 
|  77|0x0000000089f00000, 0x0000000089f00000, 0x000000008a000000|  0%| F|  |TAMS 0x0000000089f00000, 0x0000000089f00000| Untracked 
|  78|0x000000008a000000, 0x000000008a000000, 0x000000008a100000|  0%| F|  |TAMS 0x000000008a000000, 0x000000008a000000| Untracked 
|  79|0x000000008a100000, 0x000000008a100000, 0x000000008a200000|  0%| F|  |TAMS 0x000000008a100000, 0x000000008a100000| Untracked 
|  80|0x000000008a200000, 0x000000008a200000, 0x000000008a300000|  0%| F|  |TAMS 0x000000008a200000, 0x000000008a200000| Untracked 
|  81|0x000000008a300000, 0x000000008a300000, 0x000000008a400000|  0%| F|  |TAMS 0x000000008a300000, 0x000000008a300000| Untracked 
|  82|0x000000008a400000, 0x000000008a400000, 0x000000008a500000|  0%| F|  |TAMS 0x000000008a400000, 0x000000008a400000| Untracked 
|  83|0x000000008a500000, 0x000000008a500000, 0x000000008a600000|  0%| F|  |TAMS 0x000000008a500000, 0x000000008a500000| Untracked 
|  84|0x000000008a600000, 0x000000008a600000, 0x000000008a700000|  0%| F|  |TAMS 0x000000008a600000, 0x000000008a600000| Untracked 
|  85|0x000000008a700000, 0x000000008a700000, 0x000000008a800000|  0%| F|  |TAMS 0x000000008a700000, 0x000000008a700000| Untracked 
|  86|0x000000008a800000, 0x000000008a800000, 0x000000008a900000|  0%| F|  |TAMS 0x000000008a800000, 0x000000008a800000| Untracked 
|  87|0x000000008a900000, 0x000000008a900000, 0x000000008aa00000|  0%| F|  |TAMS 0x000000008a900000, 0x000000008a900000| Untracked 
|  88|0x000000008aa00000, 0x000000008aa00000, 0x000000008ab00000|  0%| F|  |TAMS 0x000000008aa00000, 0x000000008aa00000| Untracked 
|  89|0x000000008ab00000, 0x000000008ab00000, 0x000000008ac00000|  0%| F|  |TAMS 0x000000008ab00000, 0x000000008ab00000| Untracked 
|  90|0x000000008ac00000, 0x000000008ac00000, 0x000000008ad00000|  0%| F|  |TAMS 0x000000008ac00000, 0x000000008ac00000| Untracked 
|  91|0x000000008ad00000, 0x000000008ad00000, 0x000000008ae00000|  0%| F|  |TAMS 0x000000008ad00000, 0x000000008ad00000| Untracked 
|  92|0x000000008ae00000, 0x000000008ae00000, 0x000000008af00000|  0%| F|  |TAMS 0x000000008ae00000, 0x000000008ae00000| Untracked 
|  93|0x000000008af00000, 0x000000008af00000, 0x000000008b000000|  0%| F|  |TAMS 0x000000008af00000, 0x000000008af00000| Untracked 
|  94|0x000000008b000000, 0x000000008b000000, 0x000000008b100000|  0%| F|  |TAMS 0x000000008b000000, 0x000000008b000000| Untracked 
|  95|0x000000008b100000, 0x000000008b100000, 0x000000008b200000|  0%| F|  |TAMS 0x000000008b100000, 0x000000008b100000| Untracked 
|  96|0x000000008b200000, 0x000000008b200000, 0x000000008b300000|  0%| F|  |TAMS 0x000000008b200000, 0x000000008b200000| Untracked 
|  97|0x000000008b300000, 0x000000008b300000, 0x000000008b400000|  0%| F|  |TAMS 0x000000008b300000, 0x000000008b300000| Untracked 
|  98|0x000000008b400000, 0x000000008b400000, 0x000000008b500000|  0%| F|  |TAMS 0x000000008b400000, 0x000000008b400000| Untracked 
|  99|0x000000008b500000, 0x000000008b500000, 0x000000008b600000|  0%| F|  |TAMS 0x000000008b500000, 0x000000008b500000| Untracked 
| 100|0x000000008b600000, 0x000000008b600000, 0x000000008b700000|  0%| F|  |TAMS 0x000000008b600000, 0x000000008b600000| Untracked 
| 101|0x000000008b700000, 0x000000008b700000, 0x000000008b800000|  0%| F|  |TAMS 0x000000008b700000, 0x000000008b700000| Untracked 
| 102|0x000000008b800000, 0x000000008b800000, 0x000000008b900000|  0%| F|  |TAMS 0x000000008b800000, 0x000000008b800000| Untracked 
| 103|0x000000008b900000, 0x000000008b900000, 0x000000008ba00000|  0%| F|  |TAMS 0x000000008b900000, 0x000000008b900000| Untracked 
| 104|0x000000008ba00000, 0x000000008ba00000, 0x000000008bb00000|  0%| F|  |TAMS 0x000000008ba00000, 0x000000008ba00000| Untracked 
| 105|0x000000008bb00000, 0x000000008bb00000, 0x000000008bc00000|  0%| F|  |TAMS 0x000000008bb00000, 0x000000008bb00000| Untracked 
| 106|0x000000008bc00000, 0x000000008bc00000, 0x000000008bd00000|  0%| F|  |TAMS 0x000000008bc00000, 0x000000008bc00000| Untracked 
| 107|0x000000008bd00000, 0x000000008bd00000, 0x000000008be00000|  0%| F|  |TAMS 0x000000008bd00000, 0x000000008bd00000| Untracked 
| 108|0x000000008be00000, 0x000000008be00000, 0x000000008bf00000|  0%| F|  |TAMS 0x000000008be00000, 0x000000008be00000| Untracked 
| 109|0x000000008bf00000, 0x000000008bf00000, 0x000000008c000000|  0%| F|  |TAMS 0x000000008bf00000, 0x000000008bf00000| Untracked 
| 110|0x000000008c000000, 0x000000008c000000, 0x000000008c100000|  0%| F|  |TAMS 0x000000008c000000, 0x000000008c000000| Untracked 
| 111|0x000000008c100000, 0x000000008c100000, 0x000000008c200000|  0%| F|  |TAMS 0x000000008c100000, 0x000000008c100000| Untracked 
| 112|0x000000008c200000, 0x000000008c200000, 0x000000008c300000|  0%| F|  |TAMS 0x000000008c200000, 0x000000008c200000| Untracked 
| 113|0x000000008c300000, 0x000000008c300000, 0x000000008c400000|  0%| F|  |TAMS 0x000000008c300000, 0x000000008c300000| Untracked 
| 114|0x000000008c400000, 0x000000008c476440, 0x000000008c500000| 46%| E|  |TAMS 0x000000008c400000, 0x000000008c400000| Complete 
| 115|0x000000008c500000, 0x000000008c600000, 0x000000008c600000|100%| E|CS|TAMS 0x000000008c500000, 0x000000008c500000| Complete 
| 116|0x000000008c600000, 0x000000008c700000, 0x000000008c700000|100%| E|CS|TAMS 0x000000008c600000, 0x000000008c600000| Complete 
| 117|0x000000008c700000, 0x000000008c800000, 0x000000008c800000|100%| E|CS|TAMS 0x000000008c700000, 0x000000008c700000| Complete 
| 118|0x000000008c800000, 0x000000008c900000, 0x000000008c900000|100%| E|CS|TAMS 0x000000008c800000, 0x000000008c800000| Complete 
| 119|0x000000008c900000, 0x000000008ca00000, 0x000000008ca00000|100%| E|CS|TAMS 0x000000008c900000, 0x000000008c900000| Complete 
| 120|0x000000008ca00000, 0x000000008cb00000, 0x000000008cb00000|100%| E|CS|TAMS 0x000000008ca00000, 0x000000008ca00000| Complete 
| 121|0x000000008cb00000, 0x000000008cc00000, 0x000000008cc00000|100%| E|CS|TAMS 0x000000008cb00000, 0x000000008cb00000| Complete 
| 122|0x000000008cc00000, 0x000000008cd00000, 0x000000008cd00000|100%| E|CS|TAMS 0x000000008cc00000, 0x000000008cc00000| Complete 
| 123|0x000000008cd00000, 0x000000008ce00000, 0x000000008ce00000|100%| E|CS|TAMS 0x000000008cd00000, 0x000000008cd00000| Complete 

Card table byte_map: [0x000002447c6d0000,0x000002447cab0000] _byte_map_base: 0x000002447c2a7000

Marking Bits (Prev, Next): (CMBitMap*) 0x000002446575ea00, (CMBitMap*) 0x000002446575ea40
 Prev Bits: [0x000002447ce90000, 0x000002447ed48000)
 Next Bits: [0x0000024400000000, 0x0000024401eb8000)

Polling page: 0x00000244638b0000

Metaspace:

Usage:
  Non-class:      2.41 MB used.
      Class:    268.52 KB used.
       Both:      2.67 MB used.

Virtual space:
  Non-class space:       64.00 MB reserved,       2.50 MB (  4%) committed,  1 nodes.
      Class space:        1.00 GB reserved,     384.00 KB ( <1%) committed,  1 nodes.
             Both:        1.06 GB reserved,       2.88 MB ( <1%) committed. 

Chunk freelists:
   Non-Class:  10.98 MB
       Class:  15.59 MB
        Both:  26.57 MB

MaxMetaspaceSize: unlimited
CompressedClassSpaceSize: 1.00 GB
Initial GC threshold: 21.00 MB
Current GC threshold: 21.00 MB
CDS: on
MetaspaceReclaimPolicy: balanced
 - commit_granule_bytes: 65536.
 - commit_granule_words: 8192.
 - virtual_space_node_default_size: 8388608.
 - enlarge_chunks_in_place: 1.
 - new_chunks_are_fully_committed: 0.
 - uncommit_free_chunks: 1.
 - use_allocation_guard: 0.
 - handle_deallocations: 1.


Internal statistics:

num_allocs_failed_limit: 0.
num_arena_births: 24.
num_arena_deaths: 0.
num_vsnodes_births: 2.
num_vsnodes_deaths: 0.
num_space_committed: 46.
num_space_uncommitted: 0.
num_chunks_returned_to_freelist: 0.
num_chunks_taken_from_freelist: 86.
num_chunk_merges: 0.
num_chunk_splits: 54.
num_chunks_enlarged: 43.
num_inconsistent_stats: 0.

CodeHeap 'non-profiled nmethods': size=120000Kb used=172Kb max_used=172Kb free=119827Kb
 bounds [0x0000024474a90000, 0x0000024474d00000, 0x000002447bfc0000]
CodeHeap 'profiled nmethods': size=120000Kb used=949Kb max_used=949Kb free=119050Kb
 bounds [0x000002446cfc0000, 0x000002446d230000, 0x00000244744f0000]
CodeHeap 'non-nmethods': size=5760Kb used=1138Kb max_used=1150Kb free=4621Kb
 bounds [0x00000244744f0000, 0x0000024474760000, 0x0000024474a90000]
 total_blobs=1024 nmethods=599 adapters=338
 compilation: enabled
              stopped_count=0, restarted_count=0
 full_count=0

Compilation events (20 events):
Event: 0.272 Thread 0x000002447f75cd30 nmethod 593 0x000002446d0a9890 code [0x000002446d0a9a20, 0x000002446d0a9b98]
Event: 0.272 Thread 0x000002447f75cd30  592       3       java.lang.reflect.Modifier::isStatic (13 bytes)
Event: 0.272 Thread 0x000002447f75cd30 nmethod 592 0x000002446d0a9c90 code [0x000002446d0a9e20, 0x000002446d0a9f78]
Event: 0.274 Thread 0x000002447f75cd30  594       3       java.lang.Exception::<init> (7 bytes)
Event: 0.274 Thread 0x000002447f75cd30 nmethod 594 0x000002446d0aa010 code [0x000002446d0aa1a0, 0x000002446d0aa2e8]
Event: 0.274 Thread 0x000002447f75cd30  595       3       java.lang.Throwable::<init> (39 bytes)
Event: 0.275 Thread 0x000002447f75cd30 nmethod 595 0x000002446d0aa390 code [0x000002446d0aa560, 0x000002446d0aa988]
Event: 0.275 Thread 0x000002447f75cd30  596  s    3       java.io.ByteArrayOutputStream::write (43 bytes)
Event: 0.275 Thread 0x000002447f75cd30 nmethod 596 0x000002446d0aaa90 code [0x000002446d0aac60, 0x000002446d0ab108]
Event: 0.275 Thread 0x000002447f75cd30  597       3       java.io.ByteArrayOutputStream::ensureCapacity (32 bytes)
Event: 0.275 Thread 0x000002447f75cd30 nmethod 597 0x000002446d0ab310 code [0x000002446d0ab4e0, 0x000002446d0ab898]
Event: 0.275 Thread 0x000002447f75cd30  600   !   3       java.util.jar.JarFile::isMultiRelease (33 bytes)
Event: 0.275 Thread 0x000002447f75cd30 nmethod 600 0x000002446d0aba10 code [0x000002446d0abbc0, 0x000002446d0abdc8]
Event: 0.275 Thread 0x000002447f75cd30  598       3       java.lang.ReflectiveOperationException::<init> (7 bytes)
Event: 0.275 Thread 0x000002447f75cd30 nmethod 598 0x000002446d0abe90 code [0x000002446d0ac040, 0x000002446d0ac1c8]
Event: 0.275 Thread 0x000002447f75cd30  599       3       java.security.AccessController::checkContext (49 bytes)
Event: 0.276 Thread 0x000002447f75cd30 nmethod 599 0x000002446d0ac290 code [0x000002446d0ac4a0, 0x000002446d0acb98]
Event: 0.276 Thread 0x000002447f75cd30  601       3       sun.nio.cs.UTF_8$Decoder::decodeLoop (28 bytes)
Event: 0.276 Thread 0x000002447f75cd30 nmethod 601 0x000002446d0ace10 code [0x000002446d0acfe0, 0x000002446d0ad3f8]
Event: 0.276 Thread 0x000002447f75cd30  602       3       sun.nio.cs.UTF_8$Decoder::decodeArrayLoop (688 bytes)

GC Heap History (0 events):
No events

Deoptimization events (20 events):
Event: 0.235 Thread 0x0000024465704bb0 Uncommon trap: trap_request=0xffffffde fr.pc=0x0000024474a9cbdc relative=0x000000000000047c
Event: 0.235 Thread 0x0000024465704bb0 Uncommon trap: reason=class_check action=maybe_recompile pc=0x0000024474a9cbdc method=java.util.HashMap.putVal(ILjava/lang/Object;Ljava/lang/Object;ZZ)Ljava/lang/Object; @ 253 c2
Event: 0.235 Thread 0x0000024465704bb0 DEOPT PACKING pc=0x0000024474a9cbdc sp=0x000000c7514fe240
Event: 0.235 Thread 0x0000024465704bb0 DEOPT UNPACKING pc=0x00000244745423a3 sp=0x000000c7514fe1f0 mode 2
Event: 0.236 Thread 0x0000024465704bb0 DEOPT PACKING pc=0x000002446cff4e9e sp=0x000000c7514fb4e0
Event: 0.236 Thread 0x0000024465704bb0 DEOPT UNPACKING pc=0x0000024474542b43 sp=0x000000c7514fa990 mode 0
Event: 0.244 Thread 0x0000024465704bb0 Uncommon trap: trap_request=0xffffffde fr.pc=0x0000024474a9cbdc relative=0x000000000000047c
Event: 0.244 Thread 0x0000024465704bb0 Uncommon trap: reason=class_check action=maybe_recompile pc=0x0000024474a9cbdc method=java.util.HashMap.putVal(ILjava/lang/Object;Ljava/lang/Object;ZZ)Ljava/lang/Object; @ 253 c2
Event: 0.244 Thread 0x0000024465704bb0 DEOPT PACKING pc=0x0000024474a9cbdc sp=0x000000c7514fe370
Event: 0.244 Thread 0x0000024465704bb0 DEOPT UNPACKING pc=0x00000244745423a3 sp=0x000000c7514fe320 mode 2
Event: 0.249 Thread 0x0000024465704bb0 Uncommon trap: trap_request=0xffffffde fr.pc=0x0000024474a9cbdc relative=0x000000000000047c
Event: 0.249 Thread 0x0000024465704bb0 Uncommon trap: reason=class_check action=maybe_recompile pc=0x0000024474a9cbdc method=java.util.HashMap.putVal(ILjava/lang/Object;Ljava/lang/Object;ZZ)Ljava/lang/Object; @ 253 c2
Event: 0.249 Thread 0x0000024465704bb0 DEOPT PACKING pc=0x0000024474a9cbdc sp=0x000000c7514fe190
Event: 0.249 Thread 0x0000024465704bb0 DEOPT UNPACKING pc=0x00000244745423a3 sp=0x000000c7514fe140 mode 2
Event: 0.252 Thread 0x0000024465704bb0 DEOPT PACKING pc=0x000002446d034ce5 sp=0x000000c7514fcf70
Event: 0.252 Thread 0x0000024465704bb0 DEOPT UNPACKING pc=0x0000024474542b43 sp=0x000000c7514fc3c0 mode 0
Event: 0.255 Thread 0x0000024465704bb0 Uncommon trap: trap_request=0xffffffde fr.pc=0x0000024474a9cbdc relative=0x000000000000047c
Event: 0.255 Thread 0x0000024465704bb0 Uncommon trap: reason=class_check action=maybe_recompile pc=0x0000024474a9cbdc method=java.util.HashMap.putVal(ILjava/lang/Object;Ljava/lang/Object;ZZ)Ljava/lang/Object; @ 253 c2
Event: 0.255 Thread 0x0000024465704bb0 DEOPT PACKING pc=0x0000024474a9cbdc sp=0x000000c7514fe330
Event: 0.255 Thread 0x0000024465704bb0 DEOPT UNPACKING pc=0x00000244745423a3 sp=0x000000c7514fe2e0 mode 2

Classes unloaded (0 events):
No events

Classes redefined (0 events):
No events

Internal exceptions (7 events):
Event: 0.096 Thread 0x0000024449116b50 Exception <a 'java/lang/NoSuchMethodError'{0x000000008ccf0b88}: 'java.lang.Object java.lang.invoke.DirectMethodHandle$Holder.invokeStaticInit(java.lang.Object)'> (0x000000008ccf0b88) 
thrown [s\open\src\hotspot\share\interpreter\linkResolver.cpp, line 759]
Event: 0.101 Thread 0x0000024449116b50 Exception <a 'java/lang/NoSuchMethodError'{0x000000008ccfe3e8}: 'void java.lang.invoke.DirectMethodHandle$Holder.invokeStatic(java.lang.Object, java.lang.Object)'> (0x000000008ccfe3e8) 
thrown [s\open\src\hotspot\share\interpreter\linkResolver.cpp, line 759]
Event: 0.116 Thread 0x0000024465704bb0 Exception <a 'java/lang/NoSuchMethodError'{0x000000008cb52778}: 'int java.lang.invoke.DirectMethodHandle$Holder.invokeSpecial(java.lang.Object, java.lang.Object, java.lang.Object)'> (0x000000008cb52778) 
thrown [s\open\src\hotspot\share\interpreter\linkResolver.cpp, line 759]
Event: 0.182 Thread 0x0000024465704bb0 Exception <a 'java/lang/NullPointerException'{0x000000008c825b40}> (0x000000008c825b40) 
thrown [s\open\src\hotspot\share\interpreter\linkResolver.cpp, line 1350]
Event: 0.217 Thread 0x0000024465704bb0 Exception <a 'java/lang/NoSuchMethodError'{0x000000008c72de28}: 'void java.lang.invoke.DirectMethodHandle$Holder.invokeStatic(java.lang.Object, java.lang.Object, java.lang.Object)'> (0x000000008c72de28) 
thrown [s\open\src\hotspot\share\interpreter\linkResolver.cpp, line 759]
Event: 0.225 Thread 0x0000024465704bb0 Exception <a 'java/lang/NoSuchMethodError'{0x000000008c78c2f0}: 'int java.lang.invoke.DirectMethodHandle$Holder.invokeStatic(java.lang.Object, java.lang.Object, int)'> (0x000000008c78c2f0) 
thrown [s\open\src\hotspot\share\interpreter\linkResolver.cpp, line 759]
Event: 0.272 Thread 0x0000024465704bb0 Exception <a 'java/lang/NoSuchMethodError'{0x000000008c50ec60}: 'java.lang.Object java.lang.invoke.DirectMethodHandle$Holder.invokeSpecialIFC(java.lang.Object, java.lang.Object, java.lang.Object, java.lang.Object)'> (0x000000008c50ec60) 
thrown [s\open\src\hotspot\share\interpreter\linkResolver.cpp, line 759]

VM Operations (8 events):
Event: 0.056 Executing VM operation: HandshakeAllThreads
Event: 0.056 Executing VM operation: HandshakeAllThreads done
Event: 0.094 Executing VM operation: HandshakeAllThreads
Event: 0.094 Executing VM operation: HandshakeAllThreads done
Event: 0.182 Executing VM operation: HandshakeAllThreads
Event: 0.182 Executing VM operation: HandshakeAllThreads done
Event: 0.187 Executing VM operation: HandshakeAllThreads
Event: 0.187 Executing VM operation: HandshakeAllThreads done

Events (20 events):
Event: 0.251 loading class java/lang/StringIndexOutOfBoundsException
Event: 0.251 loading class java/lang/IndexOutOfBoundsException
Event: 0.251 loading class java/lang/IndexOutOfBoundsException done
Event: 0.251 loading class java/lang/StringIndexOutOfBoundsException done
Event: 0.257 loading class java/io/StringReader
Event: 0.257 loading class java/io/StringReader done
Event: 0.257 loading class java/util/regex/Pattern$BnM
Event: 0.257 loading class java/util/regex/Pattern$BnM done
Event: 0.257 loading class java/util/regex/Pattern$SliceS
Event: 0.257 loading class java/util/regex/Pattern$SliceS done
Event: 0.258 loading class java/text/MessageFormat
Event: 0.258 loading class java/text/MessageFormat done
Event: 0.261 loading class java/io/EOFException
Event: 0.261 loading class java/io/EOFException done
Event: 0.264 loading class java/io/StringWriter
Event: 0.264 loading class java/io/StringWriter done
Event: 0.267 loading class java/util/ArrayList$ListItr
Event: 0.267 loading class java/util/ArrayList$ListItr done
Event: 0.270 loading class sun/invoke/util/VerifyAccess$1
Event: 0.270 loading class sun/invoke/util/VerifyAccess$1 done


Dynamic libraries:
0x00007ff644030000 - 0x00007ff644040000 	C:\Program Files\Java\jdk-17\bin\java.exe
0x00007ffcc6bf0000 - 0x00007ffcc6de8000 	C:\Windows\SYSTEM32\ntdll.dll
0x00007ffcc6860000 - 0x00007ffcc691d000 	C:\Windows\System32\KERNEL32.DLL
0x00007ffcc4930000 - 0x00007ffcc4c26000 	C:\Windows\System32\KERNELBASE.dll
0x00007ffcc42b0000 - 0x00007ffcc43b0000 	C:\Windows\System32\ucrtbase.dll
0x00007ffcb24b0000 - 0x00007ffcb24cb000 	C:\Program Files\Java\jdk-17\bin\VCRUNTIME140.dll
0x00007ffcbbb40000 - 0x00007ffcbbb59000 	C:\Program Files\Java\jdk-17\bin\jli.dll
0x00007ffcc52d0000 - 0x00007ffcc5380000 	C:\Windows\System32\ADVAPI32.dll
0x00007ffcc67c0000 - 0x00007ffcc685e000 	C:\Windows\System32\msvcrt.dll
0x00007ffcc5610000 - 0x00007ffcc56b0000 	C:\Windows\System32\sechost.dll
0x00007ffcc6570000 - 0x00007ffcc6693000 	C:\Windows\System32\RPCRT4.dll
0x00007ffcc4600000 - 0x00007ffcc4627000 	C:\Windows\System32\bcrypt.dll
0x00007ffcc5440000 - 0x00007ffcc55df000 	C:\Windows\System32\USER32.dll
0x00007ffcb0a60000 - 0x00007ffcb0cfa000 	C:\Windows\WinSxS\amd64_microsoft.windows.common-controls_6595b64144ccf1df_6.0.19041.4355_none_60b8b9eb71f62e16\COMCTL32.dll
0x00007ffcc47a0000 - 0x00007ffcc47c2000 	C:\Windows\System32\win32u.dll
0x00007ffcc55e0000 - 0x00007ffcc560b000 	C:\Windows\System32\GDI32.dll
0x00007ffcc4440000 - 0x00007ffcc4557000 	C:\Windows\System32\gdi32full.dll
0x00007ffcc4560000 - 0x00007ffcc45fd000 	C:\Windows\System32\msvcp_win.dll
0x00007ffcb99e0000 - 0x00007ffcb99ea000 	C:\Windows\SYSTEM32\VERSION.dll
0x00007ffcc66a0000 - 0x00007ffcc66cf000 	C:\Windows\System32\IMM32.DLL
0x00007ffcbe800000 - 0x00007ffcbe80c000 	C:\Program Files\Java\jdk-17\bin\vcruntime140_1.dll
0x00007ffc89090000 - 0x00007ffc8911e000 	C:\Program Files\Java\jdk-17\bin\msvcp140.dll
0x00007ffc72b10000 - 0x00007ffc736ef000 	C:\Program Files\Java\jdk-17\bin\server\jvm.dll
0x00007ffcc4c30000 - 0x00007ffcc4c38000 	C:\Windows\System32\PSAPI.DLL
0x00007ffc93c80000 - 0x00007ffc93ca7000 	C:\Windows\SYSTEM32\WINMM.dll
0x00007ffcbe870000 - 0x00007ffcbe879000 	C:\Windows\SYSTEM32\WSOCK32.dll
0x00007ffcc6330000 - 0x00007ffcc639b000 	C:\Windows\System32\WS2_32.dll
0x00007ffcc2a80000 - 0x00007ffcc2a92000 	C:\Windows\SYSTEM32\kernel.appcore.dll
0x00007ffcbe7e0000 - 0x00007ffcbe7ea000 	C:\Program Files\Java\jdk-17\bin\jimage.dll
0x00007ffcc1f00000 - 0x00007ffcc20e4000 	C:\Windows\SYSTEM32\DBGHELP.DLL
0x00007ffc8e5b0000 - 0x00007ffc8e5e4000 	C:\Windows\SYSTEM32\dbgcore.DLL
0x00007ffcc43b0000 - 0x00007ffcc4432000 	C:\Windows\System32\bcryptPrimitives.dll
0x00007ffcb1210000 - 0x00007ffcb121e000 	C:\Program Files\Java\jdk-17\bin\instrument.dll
0x00007ffcb1b30000 - 0x00007ffcb1b55000 	C:\Program Files\Java\jdk-17\bin\java.dll
0x00007ffc84630000 - 0x00007ffc84707000 	C:\Program Files\Java\jdk-17\bin\jsvml.dll
0x00007ffcc5bc0000 - 0x00007ffcc632c000 	C:\Windows\System32\SHELL32.dll
0x00007ffcc22d0000 - 0x00007ffcc2a6d000 	C:\Windows\SYSTEM32\windows.storage.dll
0x00007ffcc5740000 - 0x00007ffcc5a93000 	C:\Windows\System32\combase.dll
0x00007ffcc3b20000 - 0x00007ffcc3b4e000 	C:\Windows\SYSTEM32\Wldp.dll
0x00007ffcc6ae0000 - 0x00007ffcc6bad000 	C:\Windows\System32\OLEAUT32.dll
0x00007ffcc6980000 - 0x00007ffcc6a2d000 	C:\Windows\System32\SHCORE.dll
0x00007ffcc53e0000 - 0x00007ffcc5435000 	C:\Windows\System32\shlwapi.dll
0x00007ffcc41e0000 - 0x00007ffcc4204000 	C:\Windows\SYSTEM32\profapi.dll
0x00007ffcb1530000 - 0x00007ffcb1548000 	C:\Program Files\Java\jdk-17\bin\zip.dll
0x00007ffcb16c0000 - 0x00007ffcb16d9000 	C:\Program Files\Java\jdk-17\bin\net.dll
0x00007ffcc0390000 - 0x00007ffcc049a000 	C:\Windows\SYSTEM32\WINHTTP.dll
0x00007ffcc3900000 - 0x00007ffcc396a000 	C:\Windows\system32\mswsock.dll
0x00007ffcb1620000 - 0x00007ffcb1636000 	C:\Program Files\Java\jdk-17\bin\nio.dll
0x00007ffcae690000 - 0x00007ffcae6aa000 	C:\Program Files\JetBrains\IntelliJ IDEA Community Edition 2023.2.2\bin\breakgen64.dll
0x0000000069ac0000 - 0x0000000069ae4000 	C:\Users\Dell\AppData\Local\Temp\jansi-2.4.0-a88d7faa399de9e5-jansi.dll
0x00007ffcb1610000 - 0x00007ffcb1620000 	C:\Program Files\Java\jdk-17\bin\verify.dll

dbghelp: loaded successfully - version: 4.0.5 - missing functions: none
symbol engine: initialized successfully - sym options: 0x614 - pdb path: .;C:\Program Files\Java\jdk-17\bin;C:\Windows\SYSTEM32;C:\Windows\WinSxS\amd64_microsoft.windows.common-controls_6595b64144ccf1df_6.0.19041.4355_none_60b8b9eb71f62e16;C:\Program Files\Java\jdk-17\bin\server;C:\Program Files\JetBrains\IntelliJ IDEA Community Edition 2023.2.2\bin;C:\Users\Dell\AppData\Local\Temp

VM Arguments:
jvm_args: -Dmaven.multiModuleProjectDirectory=C:\Users\Dell\Documents\microservices\client-service -Djansi.passthrough=true -Dmaven.home=C:\Program Files\JetBrains\IntelliJ IDEA Community Edition 2023.2.2\plugins\maven\lib\maven3 -Dclassworlds.conf=C:\Program Files\JetBrains\IntelliJ IDEA Community Edition 2023.2.2\plugins\maven\lib\maven3\bin\m2.conf -Dmaven.ext.class.path=C:\Program Files\JetBrains\IntelliJ IDEA Community Edition 2023.2.2\plugins\maven\lib\maven-event-listener.jar -javaagent:C:\Program Files\JetBrains\IntelliJ IDEA Community Edition 2023.2.2\lib\idea_rt.jar=64015:C:\Program Files\JetBrains\IntelliJ IDEA Community Edition 2023.2.2\bin -Dfile.encoding=UTF-8 
java_command: org.codehaus.classworlds.Launcher -Didea.version=2023.2.4 clean
java_class_path (initial): C:\Program Files\JetBrains\IntelliJ IDEA Community Edition 2023.2.2\plugins\maven\lib\maven3\boot\plexus-classworlds-2.7.0.jar;C:\Program Files\JetBrains\IntelliJ IDEA Community Edition 2023.2.2\plugins\maven\lib\maven3\boot\plexus-classworlds.license
Launcher Type: SUN_STANDARD

[Global flags]
     intx CICompilerCount                          = 4                                         {product} {ergonomic}
     uint ConcGCThreads                            = 2                                         {product} {ergonomic}
     uint G1ConcRefinementThreads                  = 8                                         {product} {ergonomic}
   size_t G1HeapRegionSize                         = 1048576                                   {product} {ergonomic}
    uintx GCDrainStackTargetSize                   = 64                                        {product} {ergonomic}
   size_t InitialHeapSize                          = 130023424                                 {product} {ergonomic}
   size_t MarkStackSize                            = 4194304                                   {product} {ergonomic}
   size_t MaxHeapSize                              = 2061500416                                {product} {ergonomic}
   size_t MaxNewSize                               = 1236271104                                {product} {ergonomic}
   size_t MinHeapDeltaBytes                        = 1048576                                   {product} {ergonomic}
   size_t MinHeapSize                              = 8388608                                   {product} {ergonomic}
    uintx NonNMethodCodeHeapSize                   = 5839372                                {pd product} {ergonomic}
    uintx NonProfiledCodeHeapSize                  = 122909434                              {pd product} {ergonomic}
    uintx ProfiledCodeHeapSize                     = 122909434                              {pd product} {ergonomic}
    uintx ReservedCodeCacheSize                    = 251658240                              {pd product} {ergonomic}
     bool SegmentedCodeCache                       = true                                      {product} {ergonomic}
   size_t SoftMaxHeapSize                          = 2061500416                             {manageable} {ergonomic}
     bool UseCompressedClassPointers               = true                           {product lp64_product} {ergonomic}
     bool UseCompressedOops                        = true                           {product lp64_product} {ergonomic}
     bool UseG1GC                                  = true                                      {product} {ergonomic}
     bool UseLargePagesIndividualAllocation        = false                                  {pd product} {ergonomic}

Logging:
Log output configuration:
 #0: stdout all=warning uptime,level,tags
 #1: stderr all=off uptime,level,tags

Environment Variables:
JAVA_HOME=C:\Program Files\Java\jdk-17
PATH=C:\Windows\system32;C:\Windows;C:\Windows\System32\Wbem;C:\Windows\System32\WindowsPowerShell\v1.0\;C:\Windows\System32\OpenSSH\;C:\Program Files\dotnet\;C:\Program Files\nodejs\;C:\Program Files\Git\cmd;C:\Program Files\PuTTY\;C:\Program Files\Docker\Docker\resources\bin;C:\Program Files\Kubernetes\Minikube;C:\minikube;C:\Users\Dell\AppData\Local\Programs\Python\Python312;C:\Users\Dell\AppData\Local\Programs\Python\Python312\Scripts;C:\Users\Dell\AppData\Local\Programs\Python\Launcher\;C:\Program Files\Java\jdk-17\bin;C:\Users\Dell\AppData\Local\Microsoft\WindowsApps;C:\Users\Dell\AppData\Local\Programs\Microsoft VS Code\bin;C:\Users\Dell\AppData\Roaming\npm;C:\Program Files\nodejs;C:\Program Files (x86)\Java\apache-maven-3.9.5\bin;
USERNAME=Dell
OS=Windows_NT
PROCESSOR_IDENTIFIER=Intel64 Family 6 Model 142 Stepping 12, GenuineIntel



---------------  S Y S T E M  ---------------

OS:
 Windows 10 , 64 bit Build 19041 (10.0.19041.3636)
OS uptime: 1 days 1:24 hours
Hyper-V role detected

CPU: total 8 (initial active 8) (4 cores per cpu, 2 threads per core) family 6 model 142 stepping 12 microcode 0xf8, cx8, cmov, fxsr, ht, mmx, 3dnowpref, sse, sse2, sse3, ssse3, sse4.1, sse4.2, popcnt, lzcnt, tsc, tscinvbit, avx, avx2, aes, erms, clmul, bmi1, bmi2, adx, fma, vzeroupper, clflush, clflushopt, hv

Memory: 4k page, system-wide physical 7858M (552M free)
TotalPageFile size 32434M (AvailPageFile size 0M)
current process WorkingSet (physical memory assigned to process): 52M, peak: 52M
current process commit charge ("private bytes"): 214M, peak: 214M

vm_info: Java HotSpot(TM) 64-Bit Server VM (17.0.10+11-LTS-240) for windows-amd64 JRE (17.0.10+11-LTS-240), built on Dec 19 2023 21:47:25 by "mach5one" with MS VC++ 17.1 (VS2022)

END.
